<?xml version="1.0" encoding="UTF-8"?>
<testng-results total="1" passed="0" failed="1" skipped="0">
  <reporter-output>
  </reporter-output>
  <suite started-at="2021-08-22T14:14:09Z" name="Default suite" finished-at="2021-08-22T14:14:47Z" duration-ms="38476">
    <groups>
    </groups>
    <test started-at="2021-08-22T14:14:09Z" name="Default test" finished-at="2021-08-22T14:14:47Z" duration-ms="38476">
      <class name="com.testframework.WeatherSuite">
        <test-method is-config="true" signature="init()[pri:0, instance:com.testframework.WeatherSuite@38234a38]" started-at="2021-08-22T19:44:09Z" name="init" finished-at="2021-08-22T19:44:15Z" duration-ms="5817" status="PASS">
          <reporter-output>
          </reporter-output>
        </test-method> <!-- init -->
        <test-method signature="test(java.lang.String)[pri:0, instance:com.testframework.WeatherSuite@38234a38]" started-at="2021-08-22T19:44:15Z" name="test" data-provider="login" finished-at="2021-08-22T19:44:47Z" duration-ms="32639" status="FAIL">
          <params>
            <param index="0">
              <value>
                <![CDATA[WeatherInfo]]>
              </value>
            </param>
          </params>
          <exception class="java.lang.NoClassDefFoundError">
            <message>
              <![CDATA[Could not initialize class org.codehaus.groovy.reflection.ReflectionCache]]>
            </message>
            <full-stacktrace>
              <![CDATA[java.lang.NoClassDefFoundError: Could not initialize class org.codehaus.groovy.reflection.ReflectionCache
	at org.codehaus.groovy.runtime.dgmimpl.NumberNumberMetaMethod.<clinit>(NumberNumberMetaMethod.java:33)
	at java.base/jdk.internal.reflect.NativeConstructorAccessorImpl.newInstance0(Native Method)
	at java.base/jdk.internal.reflect.NativeConstructorAccessorImpl.newInstance(NativeConstructorAccessorImpl.java:78)
	at java.base/jdk.internal.reflect.DelegatingConstructorAccessorImpl.newInstance(DelegatingConstructorAccessorImpl.java:45)
	at java.base/java.lang.reflect.Constructor.newInstanceWithCaller(Constructor.java:499)
	at java.base/java.lang.reflect.Constructor.newInstance(Constructor.java:480)
	at org.codehaus.groovy.runtime.metaclass.MetaClassRegistryImpl.createMetaMethodFromClass(MetaClassRegistryImpl.java:258)
	at org.codehaus.groovy.runtime.metaclass.MetaClassRegistryImpl.<init>(MetaClassRegistryImpl.java:111)
	at org.codehaus.groovy.runtime.metaclass.MetaClassRegistryImpl.<init>(MetaClassRegistryImpl.java:86)
	at groovy.lang.GroovySystem.<clinit>(GroovySystem.java:36)
	at org.codehaus.groovy.runtime.InvokerHelper.<clinit>(InvokerHelper.java:86)
	at org.codehaus.groovy.runtime.ScriptBytecodeAdapter.createMap(ScriptBytecodeAdapter.java:635)
	at io.restassured.internal.ResponseParserRegistrar.<init>(ResponseParserRegistrar.groovy)
	at io.restassured.RestAssured.<clinit>(RestAssured.java:347)
	at com.testframework.WeatherSuite.getWeatherDetailsForCityFromAPI(WeatherSuite.java:64)
	at com.testframework.WeatherSuite.test(WeatherSuite.java:50)
	at java.base/jdk.internal.reflect.NativeMethodAccessorImpl.invoke0(Native Method)
	at java.base/jdk.internal.reflect.NativeMethodAccessorImpl.invoke(NativeMethodAccessorImpl.java:78)
	at java.base/jdk.internal.reflect.DelegatingMethodAccessorImpl.invoke(DelegatingMethodAccessorImpl.java:43)
	at java.base/java.lang.reflect.Method.invoke(Method.java:567)
	at org.testng.internal.MethodInvocationHelper.invokeMethod(MethodInvocationHelper.java:84)
	at org.testng.internal.Invoker.invokeMethod(Invoker.java:714)
	at org.testng.internal.Invoker.invokeTestMethod(Invoker.java:901)
	at org.testng.internal.Invoker.invokeTestMethods(Invoker.java:1231)
	at org.testng.internal.TestMethodWorker.invokeTestMethods(TestMethodWorker.java:127)
	at org.testng.internal.TestMethodWorker.run(TestMethodWorker.java:111)
	at org.testng.TestRunner.privateRun(TestRunner.java:767)
	at org.testng.TestRunner.run(TestRunner.java:617)
	at org.testng.SuiteRunner.runTest(SuiteRunner.java:348)
	at org.testng.SuiteRunner.runSequentially(SuiteRunner.java:343)
	at org.testng.SuiteRunner.privateRun(SuiteRunner.java:305)
	at org.testng.SuiteRunner.run(SuiteRunner.java:254)
	at org.testng.SuiteRunnerWorker.runSuite(SuiteRunnerWorker.java:52)
	at org.testng.SuiteRunnerWorker.run(SuiteRunnerWorker.java:86)
	at org.testng.TestNG.runSuitesSequentially(TestNG.java:1224)
	at org.testng.TestNG.runSuitesLocally(TestNG.java:1149)
	at org.testng.TestNG.run(TestNG.java:1057)
	at org.testng.remote.AbstractRemoteTestNG.run(AbstractRemoteTestNG.java:115)
	at org.testng.remote.RemoteTestNG.initAndRun(RemoteTestNG.java:251)
	at org.testng.remote.RemoteTestNG.main(RemoteTestNG.java:77)
]]>
            </full-stacktrace>
          </exception> <!-- java.lang.NoClassDefFoundError -->
          <reporter-output>
          </reporter-output>
        </test-method> <!-- test -->
      </class> <!-- com.testframework.WeatherSuite -->
    </test> <!-- Default test -->
  </suite> <!-- Default suite -->
</testng-results>
